已經開始建置於 2013/11/17 下午 03:58:36。
     1>節點 2 (build 目標) 上的專案 "F:\GitHub\histogram-with-vs\histogram\histogram\histogram.vcxproj"。
     1>InitializeBuildStatus:
         正在變更時間戳記 "Debug\histogram.unsuccessfulbuild"。
       ClCompile:
         D:\Microsoft Visual Studio 10.0\VC\bin\CL.exe /c /ZI /nologo /W3 /WX- /Od /Oy- /D WIN32 /D _DEBUG /D _CONSOLE /D _UNICODE /D UNICODE /Gm /EHsc /RTC1 /MDd /GS /fp:precise /Zc:wchar_t /Zc:forScope /Fo"Debug\\" /Fd"Debug\vc100.pdb" /Gd /TP /analyze- /errorReport:prompt histogram.cpp
         histogram.cpp
     1>c:\opencv\build\include\opencv2\flann\dist.h : warning C4819: 檔案含有無法在目前字碼頁 (950) 中表示的字元。請以 Unicode 格式儲存檔案以防止資料遺失
     1>c:\opencv\build\include\opencv2\flann\dist.h : warning C4819: 檔案含有無法在目前字碼頁 (950) 中表示的字元。請以 Unicode 格式儲存檔案以防止資料遺失
     1>c:\opencv\build\include\opencv2\flann\logger.h(66): warning C4996: 'fopen': This function or variable may be unsafe. Consider using fopen_s instead. To disable deprecation, use _CRT_SECURE_NO_WARNINGS. See online help for details.
                 d:\microsoft visual studio 10.0\vc\include\stdio.h(234) : 請參閱 'fopen' 的宣告
     1>c:\opencv\build\include\opencv2\flann\dist.h : warning C4819: 檔案含有無法在目前字碼頁 (950) 中表示的字元。請以 Unicode 格式儲存檔案以防止資料遺失
     1>c:\opencv\build\include\opencv2\flann\dist.h : warning C4819: 檔案含有無法在目前字碼頁 (950) 中表示的字元。請以 Unicode 格式儲存檔案以防止資料遺失
     1>c:\opencv\build\include\opencv2\legacy\compat.hpp : warning C4819: 檔案含有無法在目前字碼頁 (950) 中表示的字元。請以 Unicode 格式儲存檔案以防止資料遺失
     1>f:\github\histogram-with-vs\histogram\histogram\histogram.cpp(23): error C2275: 'cv::Scalar' : 將此型別當做運算式的使用方式不合法
                 c:\opencv\build\include\opencv2\core\core.hpp(964) : 請參閱 'cv::Scalar' 的宣告
     1>f:\github\histogram-with-vs\histogram\histogram\histogram.cpp(23): error C2228: '.val' 的左邊必須有類別/結構/等位
     1>f:\github\histogram-with-vs\histogram\histogram\histogram.cpp(24): error C2275: 'cv::Scalar' : 將此型別當做運算式的使用方式不合法
                 c:\opencv\build\include\opencv2\core\core.hpp(964) : 請參閱 'cv::Scalar' 的宣告
     1>f:\github\histogram-with-vs\histogram\histogram\histogram.cpp(24): error C2228: '.val' 的左邊必須有類別/結構/等位
     1>f:\github\histogram-with-vs\histogram\histogram\histogram.cpp(25): error C2275: 'cv::Scalar' : 將此型別當做運算式的使用方式不合法
                 c:\opencv\build\include\opencv2\core\core.hpp(964) : 請參閱 'cv::Scalar' 的宣告
     1>f:\github\histogram-with-vs\histogram\histogram\histogram.cpp(25): error C2228: '.val' 的左邊必須有類別/結構/等位
     1>專案 "F:\GitHub\histogram-with-vs\histogram\histogram\histogram.vcxproj" (build 目標) 建置完成 -- 失敗。

建置失敗。

經過時間 00:00:01.12
