F:\GITHUB\HISTOGRAM-WITH-VS\HISTOGRAM\DEBUG\HISTOGRAM.EXE
F:\GITHUB\HISTOGRAM-WITH-VS\HISTOGRAM\DEBUG\HISTOGRAM.ILK
F:\GITHUB\HISTOGRAM-WITH-VS\HISTOGRAM\DEBUG\HISTOGRAM.PDB
F:\GitHub\histogram-with-vs\histogram\histogram\Debug\cl.command.1.tlog
F:\GitHub\histogram-with-vs\histogram\histogram\Debug\CL.read.1.tlog
F:\GitHub\histogram-with-vs\histogram\histogram\Debug\CL.write.1.tlog
F:\GITHUB\HISTOGRAM-WITH-VS\HISTOGRAM\HISTOGRAM\DEBUG\HISTOGRAM.EXE.EMBED.MANIFEST
F:\GITHUB\HISTOGRAM-WITH-VS\HISTOGRAM\HISTOGRAM\DEBUG\HISTOGRAM.EXE.EMBED.MANIFEST.RES
F:\GITHUB\HISTOGRAM-WITH-VS\HISTOGRAM\HISTOGRAM\DEBUG\HISTOGRAM.EXE.INTERMEDIATE.MANIFEST
F:\GITHUB\HISTOGRAM-WITH-VS\HISTOGRAM\HISTOGRAM\DEBUG\HISTOGRAM.OBJ
F:\GitHub\histogram-with-vs\histogram\histogram\Debug\histogram_manifest.rc
F:\GitHub\histogram-with-vs\histogram\histogram\Debug\link.5596.read.1.tlog
F:\GitHub\histogram-with-vs\histogram\histogram\Debug\link.5596.write.1.tlog
F:\GitHub\histogram-with-vs\histogram\histogram\Debug\link.5596-cvtres.read.1.tlog
F:\GitHub\histogram-with-vs\histogram\histogram\Debug\link.5596-cvtres.write.1.tlog
F:\GitHub\histogram-with-vs\histogram\histogram\Debug\link.command.1.tlog
F:\GitHub\histogram-with-vs\histogram\histogram\Debug\link.read.1.tlog
F:\GitHub\histogram-with-vs\histogram\histogram\Debug\link.write.1.tlog
F:\GitHub\histogram-with-vs\histogram\histogram\Debug\link-cvtres.read.1.tlog
F:\GitHub\histogram-with-vs\histogram\histogram\Debug\link-cvtres.write.1.tlog
F:\GitHub\histogram-with-vs\histogram\histogram\Debug\mt.command.1.tlog
F:\GitHub\histogram-with-vs\histogram\histogram\Debug\mt.read.1.tlog
F:\GitHub\histogram-with-vs\histogram\histogram\Debug\mt.write.1.tlog
F:\GitHub\histogram-with-vs\histogram\histogram\Debug\rc.command.1.tlog
F:\GitHub\histogram-with-vs\histogram\histogram\Debug\rc.read.1.tlog
F:\GitHub\histogram-with-vs\histogram\histogram\Debug\rc.write.1.tlog
F:\GitHub\histogram-with-vs\histogram\histogram\Debug\vc100.idb
F:\GITHUB\HISTOGRAM-WITH-VS\HISTOGRAM\HISTOGRAM\DEBUG\VC100.PDB
